  Source.cpp
c:\users\soorya\desktop\asteroids3d\source.cpp(11): warning C4305: 'initializing': truncation from 'double' to 'float'
c:\users\soorya\desktop\asteroids3d\source.cpp(60): warning C4018: '<': signed/unsigned mismatch
c:\users\soorya\desktop\asteroids3d\source.cpp(73): warning C4305: '+=': truncation from 'double' to 'float'
c:\users\soorya\desktop\asteroids3d\source.cpp(112): warning C4305: 'argument': truncation from 'double' to 'GLfloat'
c:\users\soorya\desktop\asteroids3d\source.cpp(128): warning C4305: '+=': truncation from 'double' to 'float'
c:\users\soorya\desktop\asteroids3d\source.cpp(135): warning C4305: '+=': truncation from 'double' to 'float'
c:\users\soorya\desktop\asteroids3d\source.cpp(142): warning C4305: '+=': truncation from 'double' to 'float'
c:\users\soorya\desktop\asteroids3d\source.cpp(149): warning C4305: '+=': truncation from 'double' to 'float'
c:\users\soorya\desktop\asteroids3d\source.cpp(159): warning C4305: 'argument': truncation from 'double' to 'float'
c:\users\soorya\desktop\asteroids3d\source.cpp(160): warning C4305: 'argument': truncation from 'double' to 'float'
c:\users\soorya\desktop\asteroids3d\source.cpp(162): warning C4305: '+=': truncation from 'double' to 'float'
c:\users\soorya\desktop\asteroids3d\source.cpp(165): warning C4305: 'argument': truncation from 'double' to 'GLfloat'
c:\users\soorya\desktop\asteroids3d\source.cpp(166): warning C4305: 'argument': truncation from 'double' to 'GLfloat'
c:\users\soorya\desktop\asteroids3d\source.cpp(167): warning C4305: 'argument': truncation from 'double' to 'GLfloat'
c:\users\soorya\desktop\asteroids3d\source.cpp(168): warning C4305: 'argument': truncation from 'double' to 'GLfloat'
c:\users\soorya\desktop\asteroids3d\source.cpp(173): warning C4305: 'argument': truncation from 'double' to 'GLfloat'
c:\users\soorya\desktop\asteroids3d\source.cpp(174): warning C4305: 'argument': truncation from 'double' to 'GLfloat'
c:\users\soorya\desktop\asteroids3d\source.cpp(178): warning C4305: 'initializing': truncation from 'double' to 'float'
c:\users\soorya\desktop\asteroids3d\source.cpp(178): warning C4305: '+=': truncation from 'double' to 'float'
c:\users\soorya\desktop\asteroids3d\source.cpp(181): warning C4305: 'argument': truncation from 'double' to 'GLfloat'
c:\users\soorya\desktop\asteroids3d\source.cpp(182): warning C4305: 'argument': truncation from 'double' to 'GLfloat'
c:\users\soorya\desktop\asteroids3d\source.cpp(183): warning C4305: 'argument': truncation from 'double' to 'GLfloat'
c:\users\soorya\desktop\asteroids3d\source.cpp(184): warning C4305: 'argument': truncation from 'double' to 'GLfloat'
c:\users\soorya\desktop\asteroids3d\source.cpp(189): warning C4305: 'argument': truncation from 'double' to 'GLfloat'
c:\users\soorya\desktop\asteroids3d\source.cpp(190): warning C4305: 'argument': truncation from 'double' to 'GLfloat'
c:\users\soorya\desktop\asteroids3d\source.cpp(195): warning C4305: 'argument': truncation from 'double' to 'GLfloat'
c:\users\soorya\desktop\asteroids3d\source.cpp(209): warning C4305: 'argument': truncation from 'double' to 'GLfloat'
c:\users\soorya\desktop\asteroids3d\source.cpp(210): warning C4305: 'argument': truncation from 'double' to 'GLfloat'
c:\users\soorya\desktop\asteroids3d\source.cpp(214): warning C4305: 'argument': truncation from 'double' to 'GLfloat'
c:\users\soorya\desktop\asteroids3d\source.cpp(215): warning C4305: 'argument': truncation from 'double' to 'GLfloat'
c:\users\soorya\desktop\asteroids3d\source.cpp(219): warning C4305: 'initializing': truncation from 'double' to 'float'
c:\users\soorya\desktop\asteroids3d\source.cpp(220): warning C4305: 'initializing': truncation from 'double' to 'float'
c:\users\soorya\desktop\asteroids3d\source.cpp(220): warning C4305: '+=': truncation from 'double' to 'float'
c:\users\soorya\desktop\asteroids3d\source.cpp(228): warning C4305: '-=': truncation from 'double' to 'float'
c:\users\soorya\desktop\asteroids3d\source.cpp(230): warning C4305: '=': truncation from 'double' to 'float'
c:\users\soorya\desktop\asteroids3d\source.cpp(231): warning C4305: 'initializing': truncation from 'double' to 'float'
c:\users\soorya\desktop\asteroids3d\source.cpp(231): warning C4305: '+=': truncation from 'double' to 'float'
c:\users\soorya\desktop\asteroids3d\source.cpp(239): warning C4305: '-=': truncation from 'double' to 'float'
c:\users\soorya\desktop\asteroids3d\source.cpp(268): warning C4305: '+=': truncation from 'double' to 'float'
c:\users\soorya\desktop\asteroids3d\source.cpp(274): warning C4305: 'argument': truncation from 'double' to 'GLfloat'
c:\users\soorya\desktop\asteroids3d\source.cpp(314): warning C4305: 'argument': truncation from 'double' to 'GLfloat'
c:\users\soorya\desktop\asteroids3d\source.cpp(330): warning C4305: '+=': truncation from 'double' to 'float'
c:\users\soorya\desktop\asteroids3d\source.cpp(337): warning C4305: '+=': truncation from 'double' to 'float'
c:\users\soorya\desktop\asteroids3d\source.cpp(344): warning C4305: '+=': truncation from 'double' to 'float'
c:\users\soorya\desktop\asteroids3d\source.cpp(351): warning C4305: '+=': truncation from 'double' to 'float'
c:\users\soorya\desktop\asteroids3d\source.cpp(361): warning C4305: 'argument': truncation from 'double' to 'float'
c:\users\soorya\desktop\asteroids3d\source.cpp(362): warning C4305: 'argument': truncation from 'double' to 'float'
c:\users\soorya\desktop\asteroids3d\source.cpp(364): warning C4305: '+=': truncation from 'double' to 'float'
c:\users\soorya\desktop\asteroids3d\source.cpp(367): warning C4305: 'argument': truncation from 'double' to 'GLfloat'
c:\users\soorya\desktop\asteroids3d\source.cpp(368): warning C4305: 'argument': truncation from 'double' to 'GLfloat'
c:\users\soorya\desktop\asteroids3d\source.cpp(369): warning C4305: 'argument': truncation from 'double' to 'GLfloat'
c:\users\soorya\desktop\asteroids3d\source.cpp(370): warning C4305: 'argument': truncation from 'double' to 'GLfloat'
c:\users\soorya\desktop\asteroids3d\source.cpp(375): warning C4305: 'argument': truncation from 'double' to 'GLfloat'
c:\users\soorya\desktop\asteroids3d\source.cpp(376): warning C4305: 'argument': truncation from 'double' to 'GLfloat'
c:\users\soorya\desktop\asteroids3d\source.cpp(380): warning C4305: 'initializing': truncation from 'double' to 'float'
c:\users\soorya\desktop\asteroids3d\source.cpp(380): warning C4305: '+=': truncation from 'double' to 'float'
c:\users\soorya\desktop\asteroids3d\source.cpp(383): warning C4305: 'argument': truncation from 'double' to 'GLfloat'
c:\users\soorya\desktop\asteroids3d\source.cpp(384): warning C4305: 'argument': truncation from 'double' to 'GLfloat'
c:\users\soorya\desktop\asteroids3d\source.cpp(385): warning C4305: 'argument': truncation from 'double' to 'GLfloat'
c:\users\soorya\desktop\asteroids3d\source.cpp(386): warning C4305: 'argument': truncation from 'double' to 'GLfloat'
c:\users\soorya\desktop\asteroids3d\source.cpp(391): warning C4305: 'argument': truncation from 'double' to 'GLfloat'
c:\users\soorya\desktop\asteroids3d\source.cpp(392): warning C4305: 'argument': truncation from 'double' to 'GLfloat'
c:\users\soorya\desktop\asteroids3d\source.cpp(397): warning C4305: 'argument': truncation from 'double' to 'GLfloat'
c:\users\soorya\desktop\asteroids3d\source.cpp(411): warning C4305: 'argument': truncation from 'double' to 'GLfloat'
c:\users\soorya\desktop\asteroids3d\source.cpp(412): warning C4305: 'argument': truncation from 'double' to 'GLfloat'
c:\users\soorya\desktop\asteroids3d\source.cpp(416): warning C4305: 'argument': truncation from 'double' to 'GLfloat'
c:\users\soorya\desktop\asteroids3d\source.cpp(417): warning C4305: 'argument': truncation from 'double' to 'GLfloat'
c:\users\soorya\desktop\asteroids3d\source.cpp(421): warning C4305: 'initializing': truncation from 'double' to 'float'
c:\users\soorya\desktop\asteroids3d\source.cpp(422): warning C4305: 'initializing': truncation from 'double' to 'float'
c:\users\soorya\desktop\asteroids3d\source.cpp(422): warning C4305: '+=': truncation from 'double' to 'float'
c:\users\soorya\desktop\asteroids3d\source.cpp(430): warning C4305: '-=': truncation from 'double' to 'float'
c:\users\soorya\desktop\asteroids3d\source.cpp(432): warning C4305: '=': truncation from 'double' to 'float'
c:\users\soorya\desktop\asteroids3d\source.cpp(433): warning C4305: 'initializing': truncation from 'double' to 'float'
c:\users\soorya\desktop\asteroids3d\source.cpp(433): warning C4305: '+=': truncation from 'double' to 'float'
c:\users\soorya\desktop\asteroids3d\source.cpp(441): warning C4305: '-=': truncation from 'double' to 'float'
  Asteriods.vcxproj -> C:\Users\Soorya\Documents\Visual Studio 2017\Projects\Asteriods\Debug\Asteriods.exe
  Asteriods.vcxproj -> C:\Users\Soorya\Documents\Visual Studio 2017\Projects\Asteriods\Debug\Asteriods.pdb (Partial PDB)
